Der Buildvorgang wurde am 27.05.2012 13:25:54 gestartet.
     1>Projekt "C:\Users\User\GIT\CPP\CSVCPP\CSVCPP\CSVCPP.vcxproj" auf Knoten "2", build Ziel(e).
     1>InitializeBuildStatus:
         "Debug\CSVCPP.unsuccessfulbuild" wird erstellt, da "AlwaysCreate" angegeben wurde.
       ClCompile:
         C:\Program Files\Microsoft Visual Studio 10.0\VC\bin\CL.exe /c /ZI /nologo /W3 /WX- /Od /Oy- /D WIN32 /D _DEBUG /D _CONSOLE /D _UNICODE /D UNICODE /Gm /EHsc /RTC1 /MDd /GS /fp:precise /Zc:wchar_t /Zc:forScope /Fo"Debug\\" /Fd"Debug\vc100.pdb" /Gd /TP /analyze- /errorReport:prompt main.cpp
         main.cpp
       ManifestResourceCompile:
         Alle Ausgaben sind aktuell.
       Link:
         C:\Program Files\Microsoft Visual Studio 10.0\VC\bin\link.exe /ERRORREPORT:PROMPT /OUT:"C:\Users\User\GIT\CPP\CSVCPP\Debug\CSVCPP.exe" /INCREMENTAL /NOLOGO kernel32.lib user32.lib gdi32.lib winspool.lib comdlg32.lib advapi32.lib shell32.lib ole32.lib oleaut32.lib uuid.lib odbc32.lib odbccp32.lib /MANIFEST /ManifestFile:"Debug\CSVCPP.exe.intermediate.manifest" /MANIFESTUAC:"level='asInvoker' uiAccess='false'" /DEBUG /PDB:"C:\Users\User\GIT\CPP\CSVCPP\Debug\CSVCPP.pdb" /SUBSYSTEM:CONSOLE /TLBID:1 /DYNAMICBASE /NXCOMPAT /IMPLIB:"C:\Users\User\GIT\CPP\CSVCPP\Debug\CSVCPP.lib" /MACHINE:X86 Debug\CSVCPP.exe.embed.manifest.res
         Debug\CSV.obj
         Debug\main.obj
       Manifest:
         C:\Program Files\Microsoft SDKs\Windows\v7.0A\bin\mt.exe /nologo /verbose /out:"Debug\CSVCPP.exe.embed.manifest" /manifest Debug\CSVCPP.exe.intermediate.manifest
         Alle Ausgaben sind aktuell.
       LinkEmbedManifest:
         Alle Ausgaben sind aktuell.
         CSVCPP.vcxproj -> C:\Users\User\GIT\CPP\CSVCPP\Debug\CSVCPP.exe
       FinalizeBuildStatus:
         Die Datei "Debug\CSVCPP.unsuccessfulbuild" wird gelöscht.
         Aktualisieren des Timestamps von "Debug\CSVCPP.lastbuildstate".
     1>Die Erstellung des Projekts "C:\Users\User\GIT\CPP\CSVCPP\CSVCPP\CSVCPP.vcxproj" ist abgeschlossen, build Ziel(e).

Das Erstellen war erfolgreich.

Verstrichene Zeit 00:00:01.00
